<?xml version="1.0" encoding="UTF-8"?>
<testng-results ignored="0" total="1" passed="1" failed="0" skipped="0">
  <reporter-output>
  </reporter-output>
  <suite started-at="2022-10-29T16:13:02 IST" name="Default suite" finished-at="2022-10-29T16:13:10 IST" duration-ms="7987">
    <groups>
    </groups>
    <test started-at="2022-10-29T16:13:02 IST" name="Default test" finished-at="2022-10-29T16:13:10 IST" duration-ms="7987">
      <class name="Mavenproject.extentreports.extentReportDemo">
        <test-method is-config="true" signature="reports()[pri:0, instance:Mavenproject.extentreports.extentReportDemo@4f80542f]" started-at="2022-10-29T16:13:02 IST" name="reports" finished-at="2022-10-29T16:13:03 IST" duration-ms="747" status="PASS">
          <reporter-output>
          </reporter-output>
        </test-method> <!-- reports -->
        <test-method signature="initialDemo()[pri:0, instance:Mavenproject.extentreports.extentReportDemo@4f80542f]" started-at="2022-10-29T16:13:03 IST" name="initialDemo" finished-at="2022-10-29T16:13:10 IST" duration-ms="7135" status="PASS">
          <reporter-output>
          </reporter-output>
        </test-method> <!-- initialDemo -->
      </class> <!-- Mavenproject.extentreports.extentReportDemo -->
    </test> <!-- Default test -->
  </suite> <!-- Default suite -->
</testng-results>
